<?xml version="1.0" encoding="UTF-8"?>
<testng-results ignored="0" total="1" passed="1" failed="0" skipped="0">
  <reporter-output>
  </reporter-output>
  <suite started-at="2026-06-10T15:11:07 IST" name="Default suite" finished-at="2026-06-10T15:11:30 IST" duration-ms="22553">
    <groups>
    </groups>
    <test started-at="2026-06-10T15:11:07 IST" name="Default test" finished-at="2026-06-10T15:11:30 IST" duration-ms="22553">
      <class name="tests.GUIElementsTest">
        <test-method signature="launchWebsite()[pri:0, instance:tests.GUIElementsTest@71d44a3]" started-at="2026-06-10T15:11:07 IST" name="launchWebsite" finished-at="2026-06-10T15:11:29 IST" duration-ms="21887" status="PASS">
          <reporter-output>
          </reporter-output>
        </test-method> <!-- launchWebsite -->
      </class> <!-- tests.GUIElementsTest -->
    </test> <!-- Default test -->
  </suite> <!-- Default suite -->
</testng-results>
