<?xml version="1.0" encoding="UTF-8"?>
<testng-results ignored="0" total="1" passed="1" failed="0" skipped="0">
  <reporter-output>
  </reporter-output>
  <suite started-at="2026-06-12T01:30:56 IST" name="Default suite" finished-at="2026-06-12T01:31:28 IST" duration-ms="31223">
    <groups>
    </groups>
    <test started-at="2026-06-12T01:30:56 IST" name="Default test" finished-at="2026-06-12T01:31:28 IST" duration-ms="31223">
      <class name="tests.GUIElementsTest">
        <test-method signature="launchWebsite()[pri:0, instance:tests.GUIElementsTest@32c8e539]" started-at="2026-06-12T01:30:56 IST" name="launchWebsite" finished-at="2026-06-12T01:31:27 IST" duration-ms="30844" status="PASS">
          <reporter-output>
          </reporter-output>
        </test-method> <!-- launchWebsite -->
      </class> <!-- tests.GUIElementsTest -->
    </test> <!-- Default test -->
  </suite> <!-- Default suite -->
</testng-results>
